<?xml version="1.0" encoding="UTF-8"?>
<!-- Generated by org.testng.reporters.JUnitReportReporter -->
<testsuite skipped="0" hostname="DESKTOP-5903S8A" name="org.example.AppTest" tests="1" failures="0" timestamp="28 Nov 2021 13:46:16 GMT" time="0.004" errors="0">
  <testcase name="shouldAnswerWithTrue" time="0.004" classname="org.example.AppTest"/>
</testsuite> <!-- org.example.AppTest -->
